\BOOKMARK [0][-]{chapter.1}{\376\377\004\022\004\062\004\065\004\064\004\065\004\075\004\070\004\065}{}% 1
\BOOKMARK [0][-]{chapter.2}{\376\377\004\036\004\101\004\075\004\076\004\062\004\075\004\060\004\117\000\040\004\107\004\060\004\101\004\102\004\114}{}% 2
\BOOKMARK [1][-]{section.2.1}{\376\377\004\037\004\100\004\065\004\070\004\074\004\103\004\111\004\065\004\101\004\102\004\062\004\060\000\040\004\070\000\040\004\076\004\101\004\076\004\061\004\065\004\075\004\075\004\076\004\101\004\102\004\070\000\040\004\061\004\070\004\075\004\060\004\100\004\075\004\076\004\071\000\040\004\101\004\070\004\101\004\102\004\065\004\074\004\113}{chapter.2}% 3
\BOOKMARK [0][-]{chapter.3}{\376\377\004\037\004\100\004\070\004\074\004\065\004\075\004\065\004\075\004\070\004\065\000\040\004\061\004\070\004\075\004\060\004\100\004\075\004\076\004\071\000\040\004\101\004\070\004\101\004\102\004\065\004\074\004\113}{}% 4
\BOOKMARK [1][-]{section.3.1}{\376\377\004\036\004\061\004\073\004\060\004\101\004\102\004\070\000\040\004\077\004\100\004\070\004\074\004\065\004\075\004\065\004\075\004\070\004\117\000\040\004\061\004\070\004\075\004\060\004\100\004\075\004\113\004\105\000\040\004\101\004\070\004\101\004\102\004\065\004\074\004\113}{chapter.3}% 5
\BOOKMARK [0][-]{chapter.4}{\376\377\004\037\004\100\004\070\004\074\004\065\004\100\000\040\004\060\004\073\004\114\004\061\004\076\004\074\004\075\004\076\004\071\000\040\004\101\004\102\004\100\004\060\004\075\004\070\004\106\004\113}{}% 6
\BOOKMARK [0][-]{chapter.5}{\376\377\004\042\004\060\004\061\004\073\004\070\004\106\004\113}{}% 7
\BOOKMARK [1][-]{section.5.1}{\376\377\004\037\004\100\004\076\004\101\004\102\004\060\004\117\000\040\004\102\004\060\004\061\004\073\004\070\004\106\004\060}{chapter.5}% 8
\BOOKMARK [1][-]{section.5.2}{\376\377\004\036\004\061\004\112\004\065\004\064\004\070\004\075\004\065\004\075\004\070\004\065\000\040\004\101\004\102\004\100\004\076\004\072}{chapter.5}% 9
\BOOKMARK [0][-]{chapter.6}{\376\377\004\034\004\060\004\102\004\065\004\074\004\060\004\102\004\070\004\107\004\065\004\101\004\072\004\070\004\065\000\040\004\076\004\101\004\075\004\076\004\062\004\113\000\040\004\061\004\070\004\075\004\060\004\100\004\075\004\076\004\071\000\040\004\101\004\070\004\101\004\102\004\065\004\074\004\113}{}% 10
\BOOKMARK [1][-]{section.6.1}{\376\377\004\037\004\100\004\070\004\074\004\065\004\100\000\040\004\100\004\060\004\067\004\073\004\076\004\066\004\065\004\075\004\070\004\117}{chapter.6}% 11
\BOOKMARK [1][-]{section.6.2}{\376\377\004\020\004\100\004\070\004\104\004\074\004\065\004\102\004\070\004\107\004\065\004\101\004\072\004\070\004\065\000\040\004\076\004\077\004\065\004\100\004\060\004\106\004\070\004\070}{chapter.6}% 12
\BOOKMARK [1][-]{section.6.3}{\376\377\004\042\004\065\004\076\004\100\004\065\004\074\004\060}{chapter.6}% 13
\BOOKMARK [0][-]{chapter.7}{\376\377\004\037\004\100\004\070\004\074\004\065\004\100\000\040\004\077\004\100\004\076\004\063\004\100\004\060\004\074\004\074\004\075\004\076\004\063\004\076\000\040\004\072\004\076\004\064\004\060}{}% 14
\BOOKMARK [1][-]{section.7.1}{\376\377\004\022\004\113\004\062\004\076\004\064\000\040\004\075\004\060\000\040\004\115\004\072\004\100\004\060\004\075\000\040\000H\000e\000l\000l\000o\000,\000\040\000W\000o\000r\000l\000d\000!}{chapter.7}% 15
\BOOKMARK [1][-]{section.7.2}{\376\377\004\037\004\065\004\100\004\065\004\062\004\076\004\064\000\040\004\107\004\070\004\101\004\073\004\060\000\040\004\062\000\040\004\064\004\062\004\076\004\070\004\107\004\075\004\103\004\116\000\040\004\101\004\070\004\101\004\102\004\065\004\074\004\103}{chapter.7}% 16
\BOOKMARK [0][-]{chapter.8}{\376\377\004\022\004\070\004\067\004\103\004\060\004\073\004\070\004\067\004\060\004\106\004\070\004\117\000\040\004\063\004\100\004\060\004\104\004\070\004\072\004\076\004\062}{}% 17
\BOOKMARK [1][-]{section.8.1}{\376\377\004\044\004\103\004\075\004\072\004\106\004\070\004\117\000\040\004\076\004\064\004\075\004\076\004\071\000\040\004\077\004\065\004\100\004\065\004\074\004\065\004\075\004\075\004\076\004\071}{chapter.8}% 18
\BOOKMARK [1][-]{section.8.2}{\376\377\004\036\004\072\004\100\004\103\004\066\004\075\004\076\004\101\004\102\004\114}{chapter.8}% 19
\BOOKMARK [1][-]{section.8.3}{\376\377\004\037\004\076\004\073\004\117\004\100\004\075\004\060\004\117\000\040\004\072\004\076\004\076\004\100\004\064\004\070\004\075\004\060\004\102\004\060}{chapter.8}% 20
\BOOKMARK [1][-]{section.8.4}{\376\377\004\037\004\076\004\062\004\065\004\100\004\105\004\075\004\076\004\101\004\102\004\070}{chapter.8}% 21
\BOOKMARK [1][-]{section.8.5}{\376\377\004\046\004\070\004\073\004\070\004\075\004\064\004\100\004\070\004\107\004\065\004\101\004\072\004\070\004\065\000\040\004\070\000\040\004\101\004\104\004\065\004\100\004\070\004\107\004\065\004\101\004\072\004\070\004\065\000\040\004\072\004\076\004\076\004\100\004\064\004\070\004\075\004\060\004\102\004\113}{chapter.8}% 22
\BOOKMARK [0][-]{chapter.9}{\376\377\004\027\004\060\004\072\004\073\004\116\004\107\004\065\004\075\004\070\004\065}{}% 23
